<?xml version="1.0" encoding="UTF-8"?>
<testsuite xmlns:xsi="http://www.w3.org/2001/XMLSchema-instance" xsi:noNamespaceSchemaLocation="https://maven.apache.org/surefire/maven-surefire-plugin/xsd/surefire-test-report-3.0.xsd" version="3.0" name="pe.edu.pucp.softpet.dao.PersonaDAOTest" time="1.835" tests="5" errors="0" skipped="0" failures="1">
  <properties>
[...]
</properties>
  <testcase name="testModificar" classname="pe.edu.pucp.softpet.dao.PersonaDAOTest" time="0.019"/>
  <testcase name="testObtenerPorId" classname="pe.edu.pucp.softpet.dao.PersonaDAOTest" time="0.001"/>
  <testcase name="testEliminar" classname="pe.edu.pucp.softpet.dao.PersonaDAOTest" time="0.001"/>
  <testcase name="testInsertar" classname="pe.edu.pucp.softpet.dao.PersonaDAOTest" time="1.79">
    <failure message="expected: &lt;true&gt; but was: &lt;false&gt;" type="org.opentest4j.AssertionFailedError"><![CDATA[org.opentest4j.AssertionFailedError: expected: <true> but was: <false>
	at org.junit.jupiter.api.AssertionFailureBuilder.build(AssertionFailureBuilder.java:151)
	at org.junit.jupiter.api.AssertionFailureBuilder.buildAndThrow(AssertionFailureBuilder.java:132)
	at org.junit.jupiter.api.AssertTrue.failNotTrue(AssertTrue.java:63)
	at org.junit.jupiter.api.AssertTrue.assertTrue(AssertTrue.java:36)
	at org.junit.jupiter.api.AssertTrue.assertTrue(AssertTrue.java:31)
	at org.junit.jupiter.api.Assertions.assertTrue(Assertions.java:183)
	at pe.edu.pucp.softpet.dao.PersonaDAOTest.testInsertar(PersonaDAOTest.java:28)
	at java.base/java.lang.reflect.Method.invoke(Method.java:580)
	at java.base/java.util.ArrayList.forEach(ArrayList.java:1597)
	at java.base/java.util.ArrayList.forEach(ArrayList.java:1597)
]]></failure>
    <system-out><![CDATA[insertar
jdbc:mysql://petmedicalcare-db.cb00kc8g8po3.us-east-1.rds.amazonaws.com:3306/PETMEDICALCARE
dml_ INSERT INTO PERSONA(NOMBRE, DIRECCION, CORREO, TELEFONO, SEXO, TIPO_PERSONA, TIPO_DOCUMENTO, NRO_DOCUMENTO) VALUES (?, ?, ?, ?, ?, ?, ?, ?)
hola detalle de sexo: FEMENINO
STatement: com.mysql.cj.jdbc.CallableStatement: INSERT INTO PERSONA(NOMBRE, DIRECCION, CORREO, TELEFONO, SEXO, TIPO_PERSONA, TIPO_DOCUMENTO, NRO_DOCUMENTO) VALUES ('Juan', 'Direccion de Juan', 'juan.test@example.com', '900100200', 'FEMENINO', 'CLIENTE', 'DNI', '12345678')
result: 0
]]></system-out>
    <system-err><![CDATA[Error al intentar insertar - java.sql.SQLException: Data truncated for column 'SEXO' at row 1
]]></system-err>
  </testcase>
  <testcase name="testListarTodos" classname="pe.edu.pucp.softpet.dao.PersonaDAOTest" time="0.001"/>
</testsuite>