<?xml version="1.0" encoding="UTF-8"?>
<testsuite xmlns:xsi="http://www.w3.org/2001/XMLSchema-instance" xsi:noNamespaceSchemaLocation="https://maven.apache.org/surefire/maven-surefire-plugin/xsd/surefire-test-report-3.0.xsd" version="3.0" name="pe.edu.pucp.softpet.daoImp.ProductoDaoImplTest" time="48.266" tests="1" errors="0" skipped="0" failures="0">
  <properties>
[...]
</properties>
  <testcase name="TesteoCrud" classname="pe.edu.pucp.softpet.daoImp.ProductoDaoImplTest" time="48.251">
    <system-out><![CDATA[
=======================================================
 TEST: TESTEO DE PRODUCTO
=======================================================
Insertar
Usuario: admin
Contraseña: HQNjvnm1uU5WFsS6XDXnRA==
URL: jdbc:mysql://softpet-db.cdqj9uesoo0i.us-east-1.rds.amazonaws.com:3306/petmedicalcare
------>com.mysql.cj.jdbc.ClientPreparedStatement: SET @app_user := ** NOT SPECIFIED **
------>com.mysql.cj.jdbc.ClientPreparedStatement: SET @app_user := 'user_backend'
Colocar SQL: INSERT INTO PRODUCTOS(NOMBRE, PRESENTACION, PRECIO_UNITARIO, ACTIVO, TIPO_PRODUCTO_ID) VALUES (?, ?, ?, ?, ?)
CRUD-> com.mysql.cj.jdbc.CallableStatement: INSERT INTO PRODUCTOS(NOMBRE, PRESENTACION, PRECIO_UNITARIO, ACTIVO, TIPO_PRODUCTO_ID) VALUES ('BACK1', 'JAVA2', 34.5, 1, 1)
OBETNER ID
Usuario: admin
Contraseña: HQNjvnm1uU5WFsS6XDXnRA==
URL: jdbc:mysql://softpet-db.cdqj9uesoo0i.us-east-1.rds.amazonaws.com:3306/petmedicalcare
Colocar SQL: SELECT PRODUCTO_ID, NOMBRE, PRESENTACION, PRECIO_UNITARIO, ACTIVO, TIPO_PRODUCTO_ID FROM PRODUCTOS WHERE PRODUCTO_ID=?
Usuario: admin
Contraseña: HQNjvnm1uU5WFsS6XDXnRA==
URL: jdbc:mysql://softpet-db.cdqj9uesoo0i.us-east-1.rds.amazonaws.com:3306/petmedicalcare
Colocar SQL: SELECT TIPO_PRODUCTO_ID, NOMBRE, DESCRIPCION, ACTIVO FROM TIPOS_PRODUCTO WHERE TIPO_PRODUCTO_ID=?
SELECT  -> com.mysql.cj.jdbc.CallableStatement: SELECT TIPO_PRODUCTO_ID, NOMBRE, DESCRIPCION, ACTIVO FROM TIPOS_PRODUCTO WHERE TIPO_PRODUCTO_ID=2
SELECT  -> com.mysql.cj.jdbc.CallableStatement: SELECT PRODUCTO_ID, NOMBRE, PRESENTACION, PRECIO_UNITARIO, ACTIVO, TIPO_PRODUCTO_ID FROM PRODUCTOS WHERE PRODUCTO_ID=2
producto ->Collar antipulgas
Usuario: admin
Contraseña: HQNjvnm1uU5WFsS6XDXnRA==
URL: jdbc:mysql://softpet-db.cdqj9uesoo0i.us-east-1.rds.amazonaws.com:3306/petmedicalcare
Colocar SQL: SELECT PRODUCTO_ID, NOMBRE, PRESENTACION, PRECIO_UNITARIO, ACTIVO, TIPO_PRODUCTO_ID FROM PRODUCTOS
Usuario: admin
Contraseña: HQNjvnm1uU5WFsS6XDXnRA==
URL: jdbc:mysql://softpet-db.cdqj9uesoo0i.us-east-1.rds.amazonaws.com:3306/petmedicalcare
Colocar SQL: SELECT TIPO_PRODUCTO_ID, NOMBRE, DESCRIPCION, ACTIVO FROM TIPOS_PRODUCTO WHERE TIPO_PRODUCTO_ID=?
SELECT  -> com.mysql.cj.jdbc.CallableStatement: SELECT TIPO_PRODUCTO_ID, NOMBRE, DESCRIPCION, ACTIVO FROM TIPOS_PRODUCTO WHERE TIPO_PRODUCTO_ID=1
Usuario: admin
Contraseña: HQNjvnm1uU5WFsS6XDXnRA==
URL: jdbc:mysql://softpet-db.cdqj9uesoo0i.us-east-1.rds.amazonaws.com:3306/petmedicalcare
Colocar SQL: SELECT TIPO_PRODUCTO_ID, NOMBRE, DESCRIPCION, ACTIVO FROM TIPOS_PRODUCTO WHERE TIPO_PRODUCTO_ID=?
SELECT  -> com.mysql.cj.jdbc.CallableStatement: SELECT TIPO_PRODUCTO_ID, NOMBRE, DESCRIPCION, ACTIVO FROM TIPOS_PRODUCTO WHERE TIPO_PRODUCTO_ID=2
Usuario: admin
Contraseña: HQNjvnm1uU5WFsS6XDXnRA==
URL: jdbc:mysql://softpet-db.cdqj9uesoo0i.us-east-1.rds.amazonaws.com:3306/petmedicalcare
Colocar SQL: SELECT TIPO_PRODUCTO_ID, NOMBRE, DESCRIPCION, ACTIVO FROM TIPOS_PRODUCTO WHERE TIPO_PRODUCTO_ID=?
SELECT  -> com.mysql.cj.jdbc.CallableStatement: SELECT TIPO_PRODUCTO_ID, NOMBRE, DESCRIPCION, ACTIVO FROM TIPOS_PRODUCTO WHERE TIPO_PRODUCTO_ID=1
Usuario: admin
Contraseña: HQNjvnm1uU5WFsS6XDXnRA==
URL: jdbc:mysql://softpet-db.cdqj9uesoo0i.us-east-1.rds.amazonaws.com:3306/petmedicalcare
Colocar SQL: SELECT TIPO_PRODUCTO_ID, NOMBRE, DESCRIPCION, ACTIVO FROM TIPOS_PRODUCTO WHERE TIPO_PRODUCTO_ID=?
SELECT  -> com.mysql.cj.jdbc.CallableStatement: SELECT TIPO_PRODUCTO_ID, NOMBRE, DESCRIPCION, ACTIVO FROM TIPOS_PRODUCTO WHERE TIPO_PRODUCTO_ID=1
Usuario: admin
Contraseña: HQNjvnm1uU5WFsS6XDXnRA==
URL: jdbc:mysql://softpet-db.cdqj9uesoo0i.us-east-1.rds.amazonaws.com:3306/petmedicalcare
Colocar SQL: SELECT TIPO_PRODUCTO_ID, NOMBRE, DESCRIPCION, ACTIVO FROM TIPOS_PRODUCTO WHERE TIPO_PRODUCTO_ID=?
SELECT  -> com.mysql.cj.jdbc.CallableStatement: SELECT TIPO_PRODUCTO_ID, NOMBRE, DESCRIPCION, ACTIVO FROM TIPOS_PRODUCTO WHERE TIPO_PRODUCTO_ID=1
Usuario: admin
Contraseña: HQNjvnm1uU5WFsS6XDXnRA==
URL: jdbc:mysql://softpet-db.cdqj9uesoo0i.us-east-1.rds.amazonaws.com:3306/petmedicalcare
Colocar SQL: SELECT TIPO_PRODUCTO_ID, NOMBRE, DESCRIPCION, ACTIVO FROM TIPOS_PRODUCTO WHERE TIPO_PRODUCTO_ID=?
SELECT  -> com.mysql.cj.jdbc.CallableStatement: SELECT TIPO_PRODUCTO_ID, NOMBRE, DESCRIPCION, ACTIVO FROM TIPOS_PRODUCTO WHERE TIPO_PRODUCTO_ID=1
Usuario: admin
Contraseña: HQNjvnm1uU5WFsS6XDXnRA==
URL: jdbc:mysql://softpet-db.cdqj9uesoo0i.us-east-1.rds.amazonaws.com:3306/petmedicalcare
Colocar SQL: SELECT TIPO_PRODUCTO_ID, NOMBRE, DESCRIPCION, ACTIVO FROM TIPOS_PRODUCTO WHERE TIPO_PRODUCTO_ID=?
SELECT  -> com.mysql.cj.jdbc.CallableStatement: SELECT TIPO_PRODUCTO_ID, NOMBRE, DESCRIPCION, ACTIVO FROM TIPOS_PRODUCTO WHERE TIPO_PRODUCTO_ID=1
Usuario: admin
Contraseña: HQNjvnm1uU5WFsS6XDXnRA==
URL: jdbc:mysql://softpet-db.cdqj9uesoo0i.us-east-1.rds.amazonaws.com:3306/petmedicalcare
Colocar SQL: SELECT TIPO_PRODUCTO_ID, NOMBRE, DESCRIPCION, ACTIVO FROM TIPOS_PRODUCTO WHERE TIPO_PRODUCTO_ID=?
SELECT  -> com.mysql.cj.jdbc.CallableStatement: SELECT TIPO_PRODUCTO_ID, NOMBRE, DESCRIPCION, ACTIVO FROM TIPOS_PRODUCTO WHERE TIPO_PRODUCTO_ID=1
Usuario: admin
Contraseña: HQNjvnm1uU5WFsS6XDXnRA==
URL: jdbc:mysql://softpet-db.cdqj9uesoo0i.us-east-1.rds.amazonaws.com:3306/petmedicalcare
Colocar SQL: SELECT TIPO_PRODUCTO_ID, NOMBRE, DESCRIPCION, ACTIVO FROM TIPOS_PRODUCTO WHERE TIPO_PRODUCTO_ID=?
SELECT  -> com.mysql.cj.jdbc.CallableStatement: SELECT TIPO_PRODUCTO_ID, NOMBRE, DESCRIPCION, ACTIVO FROM TIPOS_PRODUCTO WHERE TIPO_PRODUCTO_ID=1
Usuario: admin
Contraseña: HQNjvnm1uU5WFsS6XDXnRA==
URL: jdbc:mysql://softpet-db.cdqj9uesoo0i.us-east-1.rds.amazonaws.com:3306/petmedicalcare
Colocar SQL: SELECT TIPO_PRODUCTO_ID, NOMBRE, DESCRIPCION, ACTIVO FROM TIPOS_PRODUCTO WHERE TIPO_PRODUCTO_ID=?
SELECT  -> com.mysql.cj.jdbc.CallableStatement: SELECT TIPO_PRODUCTO_ID, NOMBRE, DESCRIPCION, ACTIVO FROM TIPOS_PRODUCTO WHERE TIPO_PRODUCTO_ID=1
Usuario: admin
Contraseña: HQNjvnm1uU5WFsS6XDXnRA==
URL: jdbc:mysql://softpet-db.cdqj9uesoo0i.us-east-1.rds.amazonaws.com:3306/petmedicalcare
Colocar SQL: SELECT TIPO_PRODUCTO_ID, NOMBRE, DESCRIPCION, ACTIVO FROM TIPOS_PRODUCTO WHERE TIPO_PRODUCTO_ID=?
SELECT  -> com.mysql.cj.jdbc.CallableStatement: SELECT TIPO_PRODUCTO_ID, NOMBRE, DESCRIPCION, ACTIVO FROM TIPOS_PRODUCTO WHERE TIPO_PRODUCTO_ID=1
Usuario: admin
Contraseña: HQNjvnm1uU5WFsS6XDXnRA==
URL: jdbc:mysql://softpet-db.cdqj9uesoo0i.us-east-1.rds.amazonaws.com:3306/petmedicalcare
Colocar SQL: SELECT TIPO_PRODUCTO_ID, NOMBRE, DESCRIPCION, ACTIVO FROM TIPOS_PRODUCTO WHERE TIPO_PRODUCTO_ID=?
SELECT  -> com.mysql.cj.jdbc.CallableStatement: SELECT TIPO_PRODUCTO_ID, NOMBRE, DESCRIPCION, ACTIVO FROM TIPOS_PRODUCTO WHERE TIPO_PRODUCTO_ID=1
Usuario: admin
Contraseña: HQNjvnm1uU5WFsS6XDXnRA==
URL: jdbc:mysql://softpet-db.cdqj9uesoo0i.us-east-1.rds.amazonaws.com:3306/petmedicalcare
Colocar SQL: SELECT TIPO_PRODUCTO_ID, NOMBRE, DESCRIPCION, ACTIVO FROM TIPOS_PRODUCTO WHERE TIPO_PRODUCTO_ID=?
SELECT  -> com.mysql.cj.jdbc.CallableStatement: SELECT TIPO_PRODUCTO_ID, NOMBRE, DESCRIPCION, ACTIVO FROM TIPOS_PRODUCTO WHERE TIPO_PRODUCTO_ID=1
Usuario: admin
Contraseña: HQNjvnm1uU5WFsS6XDXnRA==
URL: jdbc:mysql://softpet-db.cdqj9uesoo0i.us-east-1.rds.amazonaws.com:3306/petmedicalcare
Colocar SQL: SELECT TIPO_PRODUCTO_ID, NOMBRE, DESCRIPCION, ACTIVO FROM TIPOS_PRODUCTO WHERE TIPO_PRODUCTO_ID=?
SELECT  -> com.mysql.cj.jdbc.CallableStatement: SELECT TIPO_PRODUCTO_ID, NOMBRE, DESCRIPCION, ACTIVO FROM TIPOS_PRODUCTO WHERE TIPO_PRODUCTO_ID=1
Usuario: admin
Contraseña: HQNjvnm1uU5WFsS6XDXnRA==
URL: jdbc:mysql://softpet-db.cdqj9uesoo0i.us-east-1.rds.amazonaws.com:3306/petmedicalcare
Colocar SQL: SELECT TIPO_PRODUCTO_ID, NOMBRE, DESCRIPCION, ACTIVO FROM TIPOS_PRODUCTO WHERE TIPO_PRODUCTO_ID=?
SELECT  -> com.mysql.cj.jdbc.CallableStatement: SELECT TIPO_PRODUCTO_ID, NOMBRE, DESCRIPCION, ACTIVO FROM TIPOS_PRODUCTO WHERE TIPO_PRODUCTO_ID=1
Usuario: admin
Contraseña: HQNjvnm1uU5WFsS6XDXnRA==
URL: jdbc:mysql://softpet-db.cdqj9uesoo0i.us-east-1.rds.amazonaws.com:3306/petmedicalcare
Colocar SQL: SELECT TIPO_PRODUCTO_ID, NOMBRE, DESCRIPCION, ACTIVO FROM TIPOS_PRODUCTO WHERE TIPO_PRODUCTO_ID=?
SELECT  -> com.mysql.cj.jdbc.CallableStatement: SELECT TIPO_PRODUCTO_ID, NOMBRE, DESCRIPCION, ACTIVO FROM TIPOS_PRODUCTO WHERE TIPO_PRODUCTO_ID=1
Usuario: admin
Contraseña: HQNjvnm1uU5WFsS6XDXnRA==
URL: jdbc:mysql://softpet-db.cdqj9uesoo0i.us-east-1.rds.amazonaws.com:3306/petmedicalcare
Colocar SQL: SELECT TIPO_PRODUCTO_ID, NOMBRE, DESCRIPCION, ACTIVO FROM TIPOS_PRODUCTO WHERE TIPO_PRODUCTO_ID=?
SELECT  -> com.mysql.cj.jdbc.CallableStatement: SELECT TIPO_PRODUCTO_ID, NOMBRE, DESCRIPCION, ACTIVO FROM TIPOS_PRODUCTO WHERE TIPO_PRODUCTO_ID=1
Usuario: admin
Contraseña: HQNjvnm1uU5WFsS6XDXnRA==
URL: jdbc:mysql://softpet-db.cdqj9uesoo0i.us-east-1.rds.amazonaws.com:3306/petmedicalcare
Colocar SQL: SELECT TIPO_PRODUCTO_ID, NOMBRE, DESCRIPCION, ACTIVO FROM TIPOS_PRODUCTO WHERE TIPO_PRODUCTO_ID=?
SELECT  -> com.mysql.cj.jdbc.CallableStatement: SELECT TIPO_PRODUCTO_ID, NOMBRE, DESCRIPCION, ACTIVO FROM TIPOS_PRODUCTO WHERE TIPO_PRODUCTO_ID=1
Usuario: admin
Contraseña: HQNjvnm1uU5WFsS6XDXnRA==
URL: jdbc:mysql://softpet-db.cdqj9uesoo0i.us-east-1.rds.amazonaws.com:3306/petmedicalcare
Colocar SQL: SELECT TIPO_PRODUCTO_ID, NOMBRE, DESCRIPCION, ACTIVO FROM TIPOS_PRODUCTO WHERE TIPO_PRODUCTO_ID=?
SELECT  -> com.mysql.cj.jdbc.CallableStatement: SELECT TIPO_PRODUCTO_ID, NOMBRE, DESCRIPCION, ACTIVO FROM TIPOS_PRODUCTO WHERE TIPO_PRODUCTO_ID=1
Usuario: admin
Contraseña: HQNjvnm1uU5WFsS6XDXnRA==
URL: jdbc:mysql://softpet-db.cdqj9uesoo0i.us-east-1.rds.amazonaws.com:3306/petmedicalcare
Colocar SQL: SELECT TIPO_PRODUCTO_ID, NOMBRE, DESCRIPCION, ACTIVO FROM TIPOS_PRODUCTO WHERE TIPO_PRODUCTO_ID=?
SELECT  -> com.mysql.cj.jdbc.CallableStatement: SELECT TIPO_PRODUCTO_ID, NOMBRE, DESCRIPCION, ACTIVO FROM TIPOS_PRODUCTO WHERE TIPO_PRODUCTO_ID=1
Usuario: admin
Contraseña: HQNjvnm1uU5WFsS6XDXnRA==
URL: jdbc:mysql://softpet-db.cdqj9uesoo0i.us-east-1.rds.amazonaws.com:3306/petmedicalcare
Colocar SQL: SELECT TIPO_PRODUCTO_ID, NOMBRE, DESCRIPCION, ACTIVO FROM TIPOS_PRODUCTO WHERE TIPO_PRODUCTO_ID=?
SELECT  -> com.mysql.cj.jdbc.CallableStatement: SELECT TIPO_PRODUCTO_ID, NOMBRE, DESCRIPCION, ACTIVO FROM TIPOS_PRODUCTO WHERE TIPO_PRODUCTO_ID=1
Usuario: admin
Contraseña: HQNjvnm1uU5WFsS6XDXnRA==
URL: jdbc:mysql://softpet-db.cdqj9uesoo0i.us-east-1.rds.amazonaws.com:3306/petmedicalcare
Colocar SQL: SELECT TIPO_PRODUCTO_ID, NOMBRE, DESCRIPCION, ACTIVO FROM TIPOS_PRODUCTO WHERE TIPO_PRODUCTO_ID=?
SELECT  -> com.mysql.cj.jdbc.CallableStatement: SELECT TIPO_PRODUCTO_ID, NOMBRE, DESCRIPCION, ACTIVO FROM TIPOS_PRODUCTO WHERE TIPO_PRODUCTO_ID=1
Usuario: admin
Contraseña: HQNjvnm1uU5WFsS6XDXnRA==
URL: jdbc:mysql://softpet-db.cdqj9uesoo0i.us-east-1.rds.amazonaws.com:3306/petmedicalcare
Colocar SQL: SELECT TIPO_PRODUCTO_ID, NOMBRE, DESCRIPCION, ACTIVO FROM TIPOS_PRODUCTO WHERE TIPO_PRODUCTO_ID=?
SELECT  -> com.mysql.cj.jdbc.CallableStatement: SELECT TIPO_PRODUCTO_ID, NOMBRE, DESCRIPCION, ACTIVO FROM TIPOS_PRODUCTO WHERE TIPO_PRODUCTO_ID=1
Usuario: admin
Contraseña: HQNjvnm1uU5WFsS6XDXnRA==
URL: jdbc:mysql://softpet-db.cdqj9uesoo0i.us-east-1.rds.amazonaws.com:3306/petmedicalcare
Colocar SQL: SELECT TIPO_PRODUCTO_ID, NOMBRE, DESCRIPCION, ACTIVO FROM TIPOS_PRODUCTO WHERE TIPO_PRODUCTO_ID=?
SELECT  -> com.mysql.cj.jdbc.CallableStatement: SELECT TIPO_PRODUCTO_ID, NOMBRE, DESCRIPCION, ACTIVO FROM TIPOS_PRODUCTO WHERE TIPO_PRODUCTO_ID=1
Usuario: admin
Contraseña: HQNjvnm1uU5WFsS6XDXnRA==
URL: jdbc:mysql://softpet-db.cdqj9uesoo0i.us-east-1.rds.amazonaws.com:3306/petmedicalcare
Colocar SQL: SELECT TIPO_PRODUCTO_ID, NOMBRE, DESCRIPCION, ACTIVO FROM TIPOS_PRODUCTO WHERE TIPO_PRODUCTO_ID=?
SELECT  -> com.mysql.cj.jdbc.CallableStatement: SELECT TIPO_PRODUCTO_ID, NOMBRE, DESCRIPCION, ACTIVO FROM TIPOS_PRODUCTO WHERE TIPO_PRODUCTO_ID=1
Usuario: admin
Contraseña: HQNjvnm1uU5WFsS6XDXnRA==
URL: jdbc:mysql://softpet-db.cdqj9uesoo0i.us-east-1.rds.amazonaws.com:3306/petmedicalcare
Colocar SQL: SELECT TIPO_PRODUCTO_ID, NOMBRE, DESCRIPCION, ACTIVO FROM TIPOS_PRODUCTO WHERE TIPO_PRODUCTO_ID=?
SELECT  -> com.mysql.cj.jdbc.CallableStatement: SELECT TIPO_PRODUCTO_ID, NOMBRE, DESCRIPCION, ACTIVO FROM TIPOS_PRODUCTO WHERE TIPO_PRODUCTO_ID=1
Usuario: admin
Contraseña: HQNjvnm1uU5WFsS6XDXnRA==
URL: jdbc:mysql://softpet-db.cdqj9uesoo0i.us-east-1.rds.amazonaws.com:3306/petmedicalcare
Colocar SQL: SELECT TIPO_PRODUCTO_ID, NOMBRE, DESCRIPCION, ACTIVO FROM TIPOS_PRODUCTO WHERE TIPO_PRODUCTO_ID=?
SELECT  -> com.mysql.cj.jdbc.CallableStatement: SELECT TIPO_PRODUCTO_ID, NOMBRE, DESCRIPCION, ACTIVO FROM TIPOS_PRODUCTO WHERE TIPO_PRODUCTO_ID=1
Usuario: admin
Contraseña: HQNjvnm1uU5WFsS6XDXnRA==
URL: jdbc:mysql://softpet-db.cdqj9uesoo0i.us-east-1.rds.amazonaws.com:3306/petmedicalcare
Colocar SQL: SELECT TIPO_PRODUCTO_ID, NOMBRE, DESCRIPCION, ACTIVO FROM TIPOS_PRODUCTO WHERE TIPO_PRODUCTO_ID=?
SELECT  -> com.mysql.cj.jdbc.CallableStatement: SELECT TIPO_PRODUCTO_ID, NOMBRE, DESCRIPCION, ACTIVO FROM TIPOS_PRODUCTO WHERE TIPO_PRODUCTO_ID=1
Usuario: admin
Contraseña: HQNjvnm1uU5WFsS6XDXnRA==
URL: jdbc:mysql://softpet-db.cdqj9uesoo0i.us-east-1.rds.amazonaws.com:3306/petmedicalcare
Colocar SQL: SELECT TIPO_PRODUCTO_ID, NOMBRE, DESCRIPCION, ACTIVO FROM TIPOS_PRODUCTO WHERE TIPO_PRODUCTO_ID=?
SELECT  -> com.mysql.cj.jdbc.CallableStatement: SELECT TIPO_PRODUCTO_ID, NOMBRE, DESCRIPCION, ACTIVO FROM TIPOS_PRODUCTO WHERE TIPO_PRODUCTO_ID=1
Usuario: admin
Contraseña: HQNjvnm1uU5WFsS6XDXnRA==
URL: jdbc:mysql://softpet-db.cdqj9uesoo0i.us-east-1.rds.amazonaws.com:3306/petmedicalcare
Colocar SQL: SELECT TIPO_PRODUCTO_ID, NOMBRE, DESCRIPCION, ACTIVO FROM TIPOS_PRODUCTO WHERE TIPO_PRODUCTO_ID=?
SELECT  -> com.mysql.cj.jdbc.CallableStatement: SELECT TIPO_PRODUCTO_ID, NOMBRE, DESCRIPCION, ACTIVO FROM TIPOS_PRODUCTO WHERE TIPO_PRODUCTO_ID=1
Usuario: admin
Contraseña: HQNjvnm1uU5WFsS6XDXnRA==
URL: jdbc:mysql://softpet-db.cdqj9uesoo0i.us-east-1.rds.amazonaws.com:3306/petmedicalcare
Colocar SQL: SELECT TIPO_PRODUCTO_ID, NOMBRE, DESCRIPCION, ACTIVO FROM TIPOS_PRODUCTO WHERE TIPO_PRODUCTO_ID=?
SELECT  -> com.mysql.cj.jdbc.CallableStatement: SELECT TIPO_PRODUCTO_ID, NOMBRE, DESCRIPCION, ACTIVO FROM TIPOS_PRODUCTO WHERE TIPO_PRODUCTO_ID=1
Usuario: admin
Contraseña: HQNjvnm1uU5WFsS6XDXnRA==
URL: jdbc:mysql://softpet-db.cdqj9uesoo0i.us-east-1.rds.amazonaws.com:3306/petmedicalcare
Colocar SQL: SELECT TIPO_PRODUCTO_ID, NOMBRE, DESCRIPCION, ACTIVO FROM TIPOS_PRODUCTO WHERE TIPO_PRODUCTO_ID=?
SELECT  -> com.mysql.cj.jdbc.CallableStatement: SELECT TIPO_PRODUCTO_ID, NOMBRE, DESCRIPCION, ACTIVO FROM TIPOS_PRODUCTO WHERE TIPO_PRODUCTO_ID=1
Usuario: admin
Contraseña: HQNjvnm1uU5WFsS6XDXnRA==
URL: jdbc:mysql://softpet-db.cdqj9uesoo0i.us-east-1.rds.amazonaws.com:3306/petmedicalcare
Colocar SQL: SELECT TIPO_PRODUCTO_ID, NOMBRE, DESCRIPCION, ACTIVO FROM TIPOS_PRODUCTO WHERE TIPO_PRODUCTO_ID=?
SELECT  -> com.mysql.cj.jdbc.CallableStatement: SELECT TIPO_PRODUCTO_ID, NOMBRE, DESCRIPCION, ACTIVO FROM TIPOS_PRODUCTO WHERE TIPO_PRODUCTO_ID=1
Usuario: admin
Contraseña: HQNjvnm1uU5WFsS6XDXnRA==
URL: jdbc:mysql://softpet-db.cdqj9uesoo0i.us-east-1.rds.amazonaws.com:3306/petmedicalcare
Colocar SQL: SELECT TIPO_PRODUCTO_ID, NOMBRE, DESCRIPCION, ACTIVO FROM TIPOS_PRODUCTO WHERE TIPO_PRODUCTO_ID=?
SELECT  -> com.mysql.cj.jdbc.CallableStatement: SELECT TIPO_PRODUCTO_ID, NOMBRE, DESCRIPCION, ACTIVO FROM TIPOS_PRODUCTO WHERE TIPO_PRODUCTO_ID=1
Usuario: admin
Contraseña: HQNjvnm1uU5WFsS6XDXnRA==
URL: jdbc:mysql://softpet-db.cdqj9uesoo0i.us-east-1.rds.amazonaws.com:3306/petmedicalcare
Colocar SQL: SELECT TIPO_PRODUCTO_ID, NOMBRE, DESCRIPCION, ACTIVO FROM TIPOS_PRODUCTO WHERE TIPO_PRODUCTO_ID=?
SELECT  -> com.mysql.cj.jdbc.CallableStatement: SELECT TIPO_PRODUCTO_ID, NOMBRE, DESCRIPCION, ACTIVO FROM TIPOS_PRODUCTO WHERE TIPO_PRODUCTO_ID=1
cant de todo->>>>> 35
Usuario: admin
Contraseña: HQNjvnm1uU5WFsS6XDXnRA==
URL: jdbc:mysql://softpet-db.cdqj9uesoo0i.us-east-1.rds.amazonaws.com:3306/petmedicalcare
Colocar SQL: SELECT * FROM PRODUCTOS p JOIN TIPOS_PRODUCTO tp ON tp.tipo_producto_id=p.tipo_producto_id WHERE tp.nombre LIKE ?
Usuario: admin
Contraseña: HQNjvnm1uU5WFsS6XDXnRA==
URL: jdbc:mysql://softpet-db.cdqj9uesoo0i.us-east-1.rds.amazonaws.com:3306/petmedicalcare
Colocar SQL: SELECT TIPO_PRODUCTO_ID, NOMBRE, DESCRIPCION, ACTIVO FROM TIPOS_PRODUCTO WHERE TIPO_PRODUCTO_ID=?
SELECT  -> com.mysql.cj.jdbc.CallableStatement: SELECT TIPO_PRODUCTO_ID, NOMBRE, DESCRIPCION, ACTIVO FROM TIPOS_PRODUCTO WHERE TIPO_PRODUCTO_ID=2
cant por Listar por tipo-> 1
Usuario: admin
Contraseña: HQNjvnm1uU5WFsS6XDXnRA==
URL: jdbc:mysql://softpet-db.cdqj9uesoo0i.us-east-1.rds.amazonaws.com:3306/petmedicalcare
Colocar SQL: SELECT * FROM PRODUCTOS p WHERE p.nombre LIKE ?
Usuario: admin
Contraseña: HQNjvnm1uU5WFsS6XDXnRA==
URL: jdbc:mysql://softpet-db.cdqj9uesoo0i.us-east-1.rds.amazonaws.com:3306/petmedicalcare
Colocar SQL: SELECT TIPO_PRODUCTO_ID, NOMBRE, DESCRIPCION, ACTIVO FROM TIPOS_PRODUCTO WHERE TIPO_PRODUCTO_ID=?
SELECT  -> com.mysql.cj.jdbc.CallableStatement: SELECT TIPO_PRODUCTO_ID, NOMBRE, DESCRIPCION, ACTIVO FROM TIPOS_PRODUCTO WHERE TIPO_PRODUCTO_ID=1
Usuario: admin
Contraseña: HQNjvnm1uU5WFsS6XDXnRA==
URL: jdbc:mysql://softpet-db.cdqj9uesoo0i.us-east-1.rds.amazonaws.com:3306/petmedicalcare
Colocar SQL: SELECT TIPO_PRODUCTO_ID, NOMBRE, DESCRIPCION, ACTIVO FROM TIPOS_PRODUCTO WHERE TIPO_PRODUCTO_ID=?
SELECT  -> com.mysql.cj.jdbc.CallableStatement: SELECT TIPO_PRODUCTO_ID, NOMBRE, DESCRIPCION, ACTIVO FROM TIPOS_PRODUCTO WHERE TIPO_PRODUCTO_ID=1
Usuario: admin
Contraseña: HQNjvnm1uU5WFsS6XDXnRA==
URL: jdbc:mysql://softpet-db.cdqj9uesoo0i.us-east-1.rds.amazonaws.com:3306/petmedicalcare
Colocar SQL: SELECT TIPO_PRODUCTO_ID, NOMBRE, DESCRIPCION, ACTIVO FROM TIPOS_PRODUCTO WHERE TIPO_PRODUCTO_ID=?
SELECT  -> com.mysql.cj.jdbc.CallableStatement: SELECT TIPO_PRODUCTO_ID, NOMBRE, DESCRIPCION, ACTIVO FROM TIPOS_PRODUCTO WHERE TIPO_PRODUCTO_ID=1
Usuario: admin
Contraseña: HQNjvnm1uU5WFsS6XDXnRA==
URL: jdbc:mysql://softpet-db.cdqj9uesoo0i.us-east-1.rds.amazonaws.com:3306/petmedicalcare
Colocar SQL: SELECT TIPO_PRODUCTO_ID, NOMBRE, DESCRIPCION, ACTIVO FROM TIPOS_PRODUCTO WHERE TIPO_PRODUCTO_ID=?
SELECT  -> com.mysql.cj.jdbc.CallableStatement: SELECT TIPO_PRODUCTO_ID, NOMBRE, DESCRIPCION, ACTIVO FROM TIPOS_PRODUCTO WHERE TIPO_PRODUCTO_ID=1
Usuario: admin
Contraseña: HQNjvnm1uU5WFsS6XDXnRA==
URL: jdbc:mysql://softpet-db.cdqj9uesoo0i.us-east-1.rds.amazonaws.com:3306/petmedicalcare
Colocar SQL: SELECT TIPO_PRODUCTO_ID, NOMBRE, DESCRIPCION, ACTIVO FROM TIPOS_PRODUCTO WHERE TIPO_PRODUCTO_ID=?
SELECT  -> com.mysql.cj.jdbc.CallableStatement: SELECT TIPO_PRODUCTO_ID, NOMBRE, DESCRIPCION, ACTIVO FROM TIPOS_PRODUCTO WHERE TIPO_PRODUCTO_ID=1
Usuario: admin
Contraseña: HQNjvnm1uU5WFsS6XDXnRA==
URL: jdbc:mysql://softpet-db.cdqj9uesoo0i.us-east-1.rds.amazonaws.com:3306/petmedicalcare
Colocar SQL: SELECT TIPO_PRODUCTO_ID, NOMBRE, DESCRIPCION, ACTIVO FROM TIPOS_PRODUCTO WHERE TIPO_PRODUCTO_ID=?
SELECT  -> com.mysql.cj.jdbc.CallableStatement: SELECT TIPO_PRODUCTO_ID, NOMBRE, DESCRIPCION, ACTIVO FROM TIPOS_PRODUCTO WHERE TIPO_PRODUCTO_ID=1
Usuario: admin
Contraseña: HQNjvnm1uU5WFsS6XDXnRA==
URL: jdbc:mysql://softpet-db.cdqj9uesoo0i.us-east-1.rds.amazonaws.com:3306/petmedicalcare
Colocar SQL: SELECT TIPO_PRODUCTO_ID, NOMBRE, DESCRIPCION, ACTIVO FROM TIPOS_PRODUCTO WHERE TIPO_PRODUCTO_ID=?
SELECT  -> com.mysql.cj.jdbc.CallableStatement: SELECT TIPO_PRODUCTO_ID, NOMBRE, DESCRIPCION, ACTIVO FROM TIPOS_PRODUCTO WHERE TIPO_PRODUCTO_ID=1
Usuario: admin
Contraseña: HQNjvnm1uU5WFsS6XDXnRA==
URL: jdbc:mysql://softpet-db.cdqj9uesoo0i.us-east-1.rds.amazonaws.com:3306/petmedicalcare
Colocar SQL: SELECT TIPO_PRODUCTO_ID, NOMBRE, DESCRIPCION, ACTIVO FROM TIPOS_PRODUCTO WHERE TIPO_PRODUCTO_ID=?
SELECT  -> com.mysql.cj.jdbc.CallableStatement: SELECT TIPO_PRODUCTO_ID, NOMBRE, DESCRIPCION, ACTIVO FROM TIPOS_PRODUCTO WHERE TIPO_PRODUCTO_ID=1
cant por Listar por Nombre-> 8
modifica
ID INSERTADO ANTES->82
Usuario: admin
Contraseña: HQNjvnm1uU5WFsS6XDXnRA==
URL: jdbc:mysql://softpet-db.cdqj9uesoo0i.us-east-1.rds.amazonaws.com:3306/petmedicalcare
------>com.mysql.cj.jdbc.ClientPreparedStatement: SET @app_user := ** NOT SPECIFIED **
------>com.mysql.cj.jdbc.ClientPreparedStatement: SET @app_user := 'user_backend'
Colocar SQL: UPDATE PRODUCTOS SET NOMBRE=?, PRESENTACION=?, PRECIO_UNITARIO=?, ACTIVO=?, TIPO_PRODUCTO_ID=? WHERE PRODUCTO_ID=?
CRUD-> com.mysql.cj.jdbc.CallableStatement: UPDATE PRODUCTOS SET NOMBRE='Modificacion Prueba', PRESENTACION='Back_javav2', PRECIO_UNITARIO=34.5, ACTIVO=1, TIPO_PRODUCTO_ID=1 WHERE PRODUCTO_ID=82
elimina
inidce a eliminar-> 4
Usuario: admin
Contraseña: HQNjvnm1uU5WFsS6XDXnRA==
URL: jdbc:mysql://softpet-db.cdqj9uesoo0i.us-east-1.rds.amazonaws.com:3306/petmedicalcare
------>com.mysql.cj.jdbc.ClientPreparedStatement: SET @app_user := ** NOT SPECIFIED **
------>com.mysql.cj.jdbc.ClientPreparedStatement: SET @app_user := 'user_backend'
Colocar SQL: DELETE FROM PRODUCTOS WHERE PRODUCTO_ID=?
CRUD-> com.mysql.cj.jdbc.CallableStatement: DELETE FROM PRODUCTOS WHERE PRODUCTO_ID=82
RESULTADOS
cant por Listar por Nombre-> 8
cant por Listar por tipo-> 1
cant de todo->>>>> 35
]]></system-out>
    <system-err><![CDATA[SELECT -> com.mysql.cj.jdbc.CallableStatement: SELECT PRODUCTO_ID, NOMBRE, PRESENTACION, PRECIO_UNITARIO, ACTIVO, TIPO_PRODUCTO_ID FROM PRODUCTOS
SELECT -> com.mysql.cj.jdbc.CallableStatement: SELECT * FROM PRODUCTOS p JOIN TIPOS_PRODUCTO tp ON tp.tipo_producto_id=p.tipo_producto_id WHERE tp.nombre LIKE '%Accesorio%'
SELECT -> com.mysql.cj.jdbc.CallableStatement: SELECT * FROM PRODUCTOS p WHERE p.nombre LIKE '%h%'
]]></system-err>
  </testcase>
</testsuite>