<?xml version="1.0" encoding="UTF-8"?>
<testsuite xmlns:xsi="http://www.w3.org/2001/XMLSchema-instance" xsi:noNamespaceSchemaLocation="https://maven.apache.org/surefire/maven-surefire-plugin/xsd/surefire-test-report-3.0.xsd" version="3.0" name="pe.edu.pucp.softpet.dao.PersonaDAOTest" time="7.098" tests="5" errors="0" skipped="0" failures="0">
  <properties>
[...]
</properties>
  <testcase name="testModificar" classname="pe.edu.pucp.softpet.dao.PersonaDAOTest" time="0.051"/>
  <testcase name="testObtenerPorId" classname="pe.edu.pucp.softpet.dao.PersonaDAOTest" time="0.011"/>
  <testcase name="testEliminar" classname="pe.edu.pucp.softpet.dao.PersonaDAOTest" time="0.005"/>
  <testcase name="testInsertar" classname="pe.edu.pucp.softpet.dao.PersonaDAOTest" time="6.918">
    <system-out><![CDATA[insertar
jdbc:mysql://petmedicalcare-db.cb00kc8g8po3.us-east-1.rds.amazonaws.com:3306/PETMEDICALCARE
dml_ INSERT INTO PERSONA(NOMBRE, DIRECCION, CORREO, TELEFONO, SEXO, TIPO_PERSONA, TIPO_DOCUMENTO, NRO_DOCUMENTO) VALUES (?, ?, ?, ?, ?, ?, ?, ?)
hola detalle de sexo: FEMENINO
STatement: com.mysql.cj.jdbc.CallableStatement: INSERT INTO PERSONA(NOMBRE, DIRECCION, CORREO, TELEFONO, SEXO, TIPO_PERSONA, TIPO_DOCUMENTO, NRO_DOCUMENTO) VALUES ('Juan', 'Direccion de Juan', '.test@example.com', '900100200', 'FEMENINO', 'CLIENTE', 'DNI', '12345678')
result: 12
jdbc:mysql://petmedicalcare-db.cb00kc8g8po3.us-east-1.rds.amazonaws.com:3306/PETMEDICALCARE
]]></system-out>
  </testcase>
  <testcase name="testListarTodos" classname="pe.edu.pucp.softpet.dao.PersonaDAOTest" time="0.005"/>
</testsuite>