<?xml version="1.0" encoding="UTF-8"?>
<testsuite xmlns:xsi="http://www.w3.org/2001/XMLSchema-instance" xsi:noNamespaceSchemaLocation="https://maven.apache.org/surefire/maven-surefire-plugin/xsd/surefire-test-report-3.0.xsd" version="3.0" name="pe.edu.pucp.softpet.daoImp.ProductoDaoImplTest" time="10.935" tests="2" errors="0" skipped="0" failures="0">
  <properties>
[...]
</properties>
  <testcase name="TesteoCrud2" classname="pe.edu.pucp.softpet.daoImp.ProductoDaoImplTest" time="5.208">
    <system-out><![CDATA[
=======================================================
 TEST: TESTEO DE SERVICIO
=======================================================
INSERTAR
-> MYSQL
 com.mysql.cj.jdbc.Driver softpet-db.cdqj9uesoo0i.us-east-1.rds.amazonaws.com admin 3306
admin
HQNjvnm1uU5WFsS6XDXnRA==
jdbc:mysql://softpet-db.cdqj9uesoo0i.us-east-1.rds.amazonaws.com:3306/petmedicalcare
getURL(): jdbc:mysql://softpet-db.cdqj9uesoo0i.us-east-1.rds.amazonaws.com:3306/petmedicalcare
jdbc:mysql://softpet-db.cdqj9uesoo0i.us-east-1.rds.amazonaws.com:3306/petmedicalcare
------>com.mysql.cj.jdbc.ClientPreparedStatement: SET @app_user := ** NOT SPECIFIED **
------>com.mysql.cj.jdbc.ClientPreparedStatement: SET @app_user := 'user_backend'
cololcar-> INSERT INTO SERVICIOS(NOMBRE, COSTO, ESTADO, DESCRIPCION, ACTIVO, TIPO_SERVICIO_ID) VALUES (?, ?, ?, ?, ?, ?)
resultado fue-> 16
admin
HQNjvnm1uU5WFsS6XDXnRA==
jdbc:mysql://softpet-db.cdqj9uesoo0i.us-east-1.rds.amazonaws.com:3306/petmedicalcare
getURL(): jdbc:mysql://softpet-db.cdqj9uesoo0i.us-east-1.rds.amazonaws.com:3306/petmedicalcare
jdbc:mysql://softpet-db.cdqj9uesoo0i.us-east-1.rds.amazonaws.com:3306/petmedicalcare
cololcar-> SELECT SERVICIO_ID, NOMBRE, COSTO, ESTADO, DESCRIPCION, ACTIVO, TIPO_SERVICIO_ID FROM SERVICIOS WHERE SERVICIO_ID=?
modifica
ID INSERTADO ANTES->16
admin
HQNjvnm1uU5WFsS6XDXnRA==
jdbc:mysql://softpet-db.cdqj9uesoo0i.us-east-1.rds.amazonaws.com:3306/petmedicalcare
getURL(): jdbc:mysql://softpet-db.cdqj9uesoo0i.us-east-1.rds.amazonaws.com:3306/petmedicalcare
jdbc:mysql://softpet-db.cdqj9uesoo0i.us-east-1.rds.amazonaws.com:3306/petmedicalcare
------>com.mysql.cj.jdbc.ClientPreparedStatement: SET @app_user := ** NOT SPECIFIED **
------>com.mysql.cj.jdbc.ClientPreparedStatement: SET @app_user := 'PEPITO'
cololcar-> UPDATE SERVICIOS SET NOMBRE=?, COSTO=?, ESTADO=?, DESCRIPCION=?, ACTIVO=?, TIPO_SERVICIO_ID=? WHERE SERVICIO_ID=?
obtener por id
admin
HQNjvnm1uU5WFsS6XDXnRA==
jdbc:mysql://softpet-db.cdqj9uesoo0i.us-east-1.rds.amazonaws.com:3306/petmedicalcare
getURL(): jdbc:mysql://softpet-db.cdqj9uesoo0i.us-east-1.rds.amazonaws.com:3306/petmedicalcare
jdbc:mysql://softpet-db.cdqj9uesoo0i.us-east-1.rds.amazonaws.com:3306/petmedicalcare
cololcar-> SELECT SERVICIO_ID, NOMBRE, COSTO, ESTADO, DESCRIPCION, ACTIVO, TIPO_SERVICIO_ID FROM SERVICIOS WHERE SERVICIO_ID=?
]]></system-out>
    <system-err><![CDATA[CRUD-> com.mysql.cj.jdbc.CallableStatement: INSERT INTO SERVICIOS(NOMBRE, COSTO, ESTADO, DESCRIPCION, ACTIVO, TIPO_SERVICIO_ID) VALUES ('DESPARACITACION', 1000.2, 'SIN USAR by java', 'DESPARACITACION perro by java', 1, 2)
CRUD-> com.mysql.cj.jdbc.CallableStatement: UPDATE SERVICIOS SET NOMBRE='Modificacion Prueba', COSTO=1000.2, ESTADO='SIN USAR by java', DESCRIPCION='DESPARACITACION perro by java', ACTIVO=1, TIPO_SERVICIO_ID=2 WHERE SERVICIO_ID=16
EL SERVICIO ES: Vacuna Rabia FK2
]]></system-err>
  </testcase>
  <testcase name="TesteoCrud" classname="pe.edu.pucp.softpet.daoImp.ProductoDaoImplTest" time="5.71">
    <system-out><![CDATA[
=======================================================
 TEST: TESTEO DE PRODUCTO
=======================================================
Insertar
admin
HQNjvnm1uU5WFsS6XDXnRA==
jdbc:mysql://softpet-db.cdqj9uesoo0i.us-east-1.rds.amazonaws.com:3306/petmedicalcare
getURL(): jdbc:mysql://softpet-db.cdqj9uesoo0i.us-east-1.rds.amazonaws.com:3306/petmedicalcare
jdbc:mysql://softpet-db.cdqj9uesoo0i.us-east-1.rds.amazonaws.com:3306/petmedicalcare
------>com.mysql.cj.jdbc.ClientPreparedStatement: SET @app_user := ** NOT SPECIFIED **
------>com.mysql.cj.jdbc.ClientPreparedStatement: SET @app_user := 'user_backend'
cololcar-> INSERT INTO PRODUCTOS(NOMBRE, PRESENTACION, PRECIO_UNITARIO, ACTIVO, TIPO_PRODUCTO_ID) VALUES (?, ?, ?, ?, ?)
com.mysql.cj.jdbc.CallableStatement: INSERT INTO PRODUCTOS(NOMBRE, PRESENTACION, PRECIO_UNITARIO, ACTIVO, TIPO_PRODUCTO_ID) VALUES ('BACK1', 'JAVA2', 34.5, 1, 1)
OBETNER ID
admin
HQNjvnm1uU5WFsS6XDXnRA==
jdbc:mysql://softpet-db.cdqj9uesoo0i.us-east-1.rds.amazonaws.com:3306/petmedicalcare
getURL(): jdbc:mysql://softpet-db.cdqj9uesoo0i.us-east-1.rds.amazonaws.com:3306/petmedicalcare
jdbc:mysql://softpet-db.cdqj9uesoo0i.us-east-1.rds.amazonaws.com:3306/petmedicalcare
cololcar-> SELECT PRODUCTO_ID, NOMBRE, PRESENTACION, PRECIO_UNITARIO, ACTIVO, TIPO_PRODUCTO_ID FROM PRODUCTOS WHERE PRODUCTO_ID=?
producto ->Collar antipulgas
admin
HQNjvnm1uU5WFsS6XDXnRA==
jdbc:mysql://softpet-db.cdqj9uesoo0i.us-east-1.rds.amazonaws.com:3306/petmedicalcare
getURL(): jdbc:mysql://softpet-db.cdqj9uesoo0i.us-east-1.rds.amazonaws.com:3306/petmedicalcare
jdbc:mysql://softpet-db.cdqj9uesoo0i.us-east-1.rds.amazonaws.com:3306/petmedicalcare
cololcar-> SELECT PRODUCTO_ID, NOMBRE, PRESENTACION, PRECIO_UNITARIO, ACTIVO, TIPO_PRODUCTO_ID FROM PRODUCTOS
cant25
modifica
ID INSERTADO ANTES->29
admin
HQNjvnm1uU5WFsS6XDXnRA==
jdbc:mysql://softpet-db.cdqj9uesoo0i.us-east-1.rds.amazonaws.com:3306/petmedicalcare
getURL(): jdbc:mysql://softpet-db.cdqj9uesoo0i.us-east-1.rds.amazonaws.com:3306/petmedicalcare
jdbc:mysql://softpet-db.cdqj9uesoo0i.us-east-1.rds.amazonaws.com:3306/petmedicalcare
------>com.mysql.cj.jdbc.ClientPreparedStatement: SET @app_user := ** NOT SPECIFIED **
------>com.mysql.cj.jdbc.ClientPreparedStatement: SET @app_user := 'user_backend'
cololcar-> UPDATE PRODUCTOS SET NOMBRE=?, PRESENTACION=?, PRECIO_UNITARIO=?, ACTIVO=?, TIPO_PRODUCTO_ID=? WHERE PRODUCTO_ID=?
elimina
inidce a eliminar-> 4
admin
HQNjvnm1uU5WFsS6XDXnRA==
jdbc:mysql://softpet-db.cdqj9uesoo0i.us-east-1.rds.amazonaws.com:3306/petmedicalcare
getURL(): jdbc:mysql://softpet-db.cdqj9uesoo0i.us-east-1.rds.amazonaws.com:3306/petmedicalcare
jdbc:mysql://softpet-db.cdqj9uesoo0i.us-east-1.rds.amazonaws.com:3306/petmedicalcare
------>com.mysql.cj.jdbc.ClientPreparedStatement: SET @app_user := ** NOT SPECIFIED **
------>com.mysql.cj.jdbc.ClientPreparedStatement: SET @app_user := 'user_backend'
cololcar-> DELETE FROM PRODUCTOS WHERE PRODUCTO_ID=?
]]></system-out>
    <system-err><![CDATA[CRUD-> com.mysql.cj.jdbc.CallableStatement: INSERT INTO PRODUCTOS(NOMBRE, PRESENTACION, PRECIO_UNITARIO, ACTIVO, TIPO_PRODUCTO_ID) VALUES ('BACK1', 'JAVA2', 34.5, 1, 1)
CRUD-> com.mysql.cj.jdbc.CallableStatement: UPDATE PRODUCTOS SET NOMBRE='Modificacion Prueba', PRESENTACION='Back_javav2', PRECIO_UNITARIO=34.5, ACTIVO=1, TIPO_PRODUCTO_ID=1 WHERE PRODUCTO_ID=29
CRUD-> com.mysql.cj.jdbc.CallableStatement: DELETE FROM PRODUCTOS WHERE PRODUCTO_ID=29
]]></system-err>
  </testcase>
</testsuite>